[02Feb2025 00:00:05.990] [Server thread/INFO] [net.minecraft.server.dedicated.DedicatedServer/]: PechugaPollo has made the advancement [Acquire Hardware]
[02Feb2025 00:00:13.039] [Server thread/INFO] [net.minecraftforge.common.AdvancementLoadFix/]: Using new advancement loading for net.minecraft.advancements.PlayerAdvancements@1081793f
[02Feb2025 00:00:13.042] [Server thread/INFO] [net.minecraft.server.management.PlayerList/]: Dasandel[/127.126.144.228:40569] logged in with entity id 5958 at (-369.30000001192093, 69.0, 230.996955474903)
[02Feb2025 00:00:13.044] [Server thread/INFO] [net.minecraft.server.dedicated.DedicatedServer/]: Dasandel joined the game
[02Feb2025 00:00:26.384] [Server thread/INFO] [net.minecraft.server.dedicated.DedicatedServer/]: PechugaPollo has made the advancement [Isn't It Iron Pick]
[02Feb2025 00:00:33.286] [Server thread/INFO] [net.minecraft.server.dedicated.DedicatedServer/]: sdiazzzx has made the advancement [Isn't It Iron Pick]
[02Feb2025 00:01:02.485] [Server thread/INFO] [net.minecraft.server.dedicated.DedicatedServer/]: Dasandel was slain by Iron Golem
[02Feb2025 00:01:02.488] [Server thread/INFO] [tombstone/]: The player Dasandel has successfully been saved
[02Feb2025 00:01:19.243] [Server thread/INFO] [net.minecraft.server.dedicated.DedicatedServer/]: PechugaPollo has made the advancement [Diamonds!]
[02Feb2025 00:01:19.932] [Server thread/INFO] [net.minecraft.server.dedicated.DedicatedServer/]: pablo_08954 has made the advancement [Suit Up]
[02Feb2025 00:03:30.041] [Server thread/INFO] [net.minecraft.server.dedicated.DedicatedServer/]: PechugaPollo burned to death
[02Feb2025 00:03:30.043] [Server thread/INFO] [tombstone/]: The player PechugaPollo has successfully been saved
[02Feb2025 00:04:54.569] [Server thread/INFO] [net.minecraft.server.dedicated.DedicatedServer/]: pablo_08954 has made the advancement [Sweet Dreams]
[02Feb2025 00:05:43.137] [Server thread/INFO] [net.minecraft.server.dedicated.DedicatedServer/]: Dasandel was slain by Zombie Villager
[02Feb2025 00:05:43.147] [Server thread/INFO] [tombstone/]: The player Dasandel has successfully been saved
[02Feb2025 00:07:03.299] [Server thread/INFO] [net.minecraft.server.dedicated.DedicatedServer/]: pablo_08954 has made the advancement [Diamonds!]
[02Feb2025 00:07:50.197] [Server thread/INFO] [net.minecraft.server.dedicated.DedicatedServer/]: Kicked pablo_08954: Kicked by an operator
[02Feb2025 00:07:50.244] [Server thread/INFO] [net.minecraft.network.play.ServerPlayNetHandler/]: pablo_08954 lost connection: Kicked by an operator
[02Feb2025 00:07:50.244] [Server thread/INFO] [net.minecraft.server.dedicated.DedicatedServer/]: pablo_08954 left the game
[02Feb2025 00:07:56.244] [Server thread/INFO] [net.minecraftforge.common.AdvancementLoadFix/]: Using new advancement loading for net.minecraft.advancements.PlayerAdvancements@234af134
[02Feb2025 00:07:56.248] [Server thread/INFO] [net.minecraft.server.management.PlayerList/]: pablo_08954[/127.97.231.129:35267] logged in with entity id 9566 at (-396.30000001192093, 11.0, 60.41997919369866)
[02Feb2025 00:07:56.250] [Server thread/INFO] [net.minecraft.server.dedicated.DedicatedServer/]: pablo_08954 joined the game
[02Feb2025 00:08:24.800] [Server thread/INFO] [net.minecraft.server.dedicated.DedicatedServer/]: Dasandel has made the advancement [Acquire Hardware]
[02Feb2025 00:11:37.692] [Server thread/INFO] [net.minecraft.server.dedicated.DedicatedServer/]: [PechugaPollo: Teleported Dasandel to pablo_08954]
[02Feb2025 00:11:59.795] [Server thread/INFO] [net.minecraft.server.dedicated.DedicatedServer/]: Dasandel has made the advancement [Diamonds!]
[02Feb2025 00:13:57.344] [Server thread/INFO] [net.minecraft.server.dedicated.DedicatedServer/]: Dasandel has made the advancement [Stone Age]
[02Feb2025 00:16:18.282] [Server thread/INFO] [net.minecraft.server.dedicated.DedicatedServer/]: sdiazzzx has made the advancement [Suit Up]
[02Feb2025 00:16:30.344] [Server thread/INFO] [net.minecraft.server.dedicated.DedicatedServer/]: pablo_08954 has made the advancement [Ice Bucket Challenge]
[02Feb2025 00:18:10.945] [Server thread/INFO] [net.minecraft.server.dedicated.DedicatedServer/]: PechugaPollo was slain by Zombie
[02Feb2025 00:18:10.951] [Server thread/INFO] [tombstone/]: The player PechugaPollo has successfully been saved
[02Feb2025 00:18:37.299] [Server thread/INFO] [net.minecraft.server.dedicated.DedicatedServer/]: Dasandel has made the advancement [Monster Hunter]
[02Feb2025 00:19:02.945] [Server thread/INFO] [net.minecraft.server.dedicated.DedicatedServer/]: PechugaPollo has made the advancement [Ashes 'n Bones]
[02Feb2025 00:20:08.189] [Server thread/INFO] [net.minecraft.network.play.ServerPlayNetHandler/]: PechugaPollo lost connection: Disconnected
[02Feb2025 00:20:08.190] [Server thread/INFO] [net.minecraft.server.dedicated.DedicatedServer/]: PechugaPollo left the game
[02Feb2025 00:25:32.538] [Server thread/WARN] [net.minecraft.server.management.PlayerInteractionManager/]: Mismatch in destroy block pos: BlockPos{x=-326, y=64, z=61} BlockPos{x=-326, y=62, z=61}
[02Feb2025 00:25:32.587] [Server thread/WARN] [net.minecraft.server.management.PlayerInteractionManager/]: Mismatch in destroy block pos: BlockPos{x=-326, y=65, z=61} BlockPos{x=-326, y=62, z=61}
[02Feb2025 00:25:32.636] [Server thread/WARN] [net.minecraft.server.management.PlayerInteractionManager/]: Mismatch in destroy block pos: BlockPos{x=-326, y=65, z=61} BlockPos{x=-326, y=62, z=61}
[02Feb2025 00:26:11.640] [Server thread/INFO] [net.minecraft.network.play.ServerPlayNetHandler/]: Dasandel lost connection: Disconnected
[02Feb2025 00:26:11.640] [Server thread/INFO] [net.minecraft.server.dedicated.DedicatedServer/]: Dasandel left the game
[02Feb2025 00:26:46.435] [Server thread/INFO] [net.minecraft.server.dedicated.DedicatedServer/]: pablo_08954 was blown up by Creeper
[02Feb2025 00:26:46.447] [Server thread/INFO] [tombstone/]: The player pablo_08954 has successfully been saved
[02Feb2025 00:27:29.037] [Server thread/INFO] [net.minecraft.server.dedicated.DedicatedServer/]: Unknown or incomplete command, see below for error
[02Feb2025 00:27:29.038] [Server thread/INFO] [net.minecraft.server.dedicated.DedicatedServer/]: yyhh<--[HERE]
[02Feb2025 00:27:29.440] [Server thread/INFO] [net.minecraft.server.dedicated.DedicatedServer/]: Unknown or incomplete command, see below for error
[02Feb2025 00:27:29.446] [Server thread/INFO] [net.minecraft.server.dedicated.DedicatedServer/]: h<--[HERE]
[02Feb2025 00:27:29.788] [Server thread/INFO] [net.minecraft.server.dedicated.DedicatedServer/]: Unknown or incomplete command, see below for error
[02Feb2025 00:27:29.788] [Server thread/INFO] [net.minecraft.server.dedicated.DedicatedServer/]: hh<--[HERE]
[02Feb2025 00:27:29.938] [Server thread/INFO] [net.minecraft.server.dedicated.DedicatedServer/]: Unknown or incomplete command, see below for error
[02Feb2025 00:27:29.938] [Server thread/INFO] [net.minecraft.server.dedicated.DedicatedServer/]: h<--[HERE]
[02Feb2025 00:27:30.242] [Server thread/INFO] [net.minecraft.server.dedicated.DedicatedServer/]: Unknown or incomplete command, see below for error
[02Feb2025 00:27:30.242] [Server thread/INFO] [net.minecraft.server.dedicated.DedicatedServer/]: h<--[HERE]
[02Feb2025 00:27:30.388] [Server thread/INFO] [net.minecraft.server.dedicated.DedicatedServer/]: Unknown or incomplete command, see below for error
[02Feb2025 00:27:30.392] [Server thread/INFO] [net.minecraft.server.dedicated.DedicatedServer/]: h<--[HERE]
[02Feb2025 00:27:30.538] [Server thread/INFO] [net.minecraft.server.dedicated.DedicatedServer/]: Unknown or incomplete command, see below for error
[02Feb2025 00:27:30.544] [Server thread/INFO] [net.minecraft.server.dedicated.DedicatedServer/]: h<--[HERE]
[02Feb2025 00:27:30.688] [Server thread/INFO] [net.minecraft.server.dedicated.DedicatedServer/]: Unknown or incomplete command, see below for error
[02Feb2025 00:27:30.692] [Server thread/INFO] [net.minecraft.server.dedicated.DedicatedServer/]: h<--[HERE]
[02Feb2025 00:27:30.838] [Server thread/INFO] [net.minecraft.server.dedicated.DedicatedServer/]: Unknown or incomplete command, see below for error
[02Feb2025 00:27:30.838] [Server thread/INFO] [net.minecraft.server.dedicated.DedicatedServer/]: h<--[HERE]
[02Feb2025 00:27:31.037] [Server thread/INFO] [net.minecraft.server.dedicated.DedicatedServer/]: Unknown or incomplete command, see below for error
[02Feb2025 00:27:31.038] [Server thread/INFO] [net.minecraft.server.dedicated.DedicatedServer/]: h<--[HERE]
[02Feb2025 00:27:31.188] [Server thread/INFO] [net.minecraft.server.dedicated.DedicatedServer/]: Unknown or incomplete command, see below for error
[02Feb2025 00:27:31.188] [Server thread/INFO] [net.minecraft.server.dedicated.DedicatedServer/]: h<--[HERE]
[02Feb2025 00:27:31.338] [Server thread/INFO] [net.minecraft.server.dedicated.DedicatedServer/]: Unknown or incomplete command, see below for error
[02Feb2025 00:27:31.342] [Server thread/INFO] [net.minecraft.server.dedicated.DedicatedServer/]: h<--[HERE]
[02Feb2025 00:27:31.688] [Server thread/INFO] [net.minecraft.server.dedicated.DedicatedServer/]: Unknown or incomplete command, see below for error
[02Feb2025 00:27:31.688] [Server thread/INFO] [net.minecraft.server.dedicated.DedicatedServer/]: h<--[HERE]
[02Feb2025 00:27:31.838] [Server thread/INFO] [net.minecraft.server.dedicated.DedicatedServer/]: Unknown or incomplete command, see below for error
[02Feb2025 00:27:31.838] [Server thread/INFO] [net.minecraft.server.dedicated.DedicatedServer/]: h<--[HERE]
[02Feb2025 00:27:32.338] [Server thread/INFO] [net.minecraft.server.dedicated.DedicatedServer/]: Unknown or incomplete command, see below for error
[02Feb2025 00:27:32.345] [Server thread/INFO] [net.minecraft.server.dedicated.DedicatedServer/]: hh<--[HERE]
[02Feb2025 00:27:32.537] [Server thread/INFO] [net.minecraft.server.dedicated.DedicatedServer/]: Unknown or incomplete command, see below for error
[02Feb2025 00:27:32.537] [Server thread/INFO] [net.minecraft.server.dedicated.DedicatedServer/]: h<--[HERE]
[02Feb2025 00:28:35.885] [Server thread/INFO] [net.minecraft.network.play.ServerPlayNetHandler/]: sdiazzzx lost connection: Disconnected
[02Feb2025 00:28:35.885] [Server thread/INFO] [net.minecraft.server.dedicated.DedicatedServer/]: sdiazzzx left the game
[02Feb2025 00:30:03.681] [Server thread/INFO] [net.minecraft.entity.Entity/]: Villager VillagerEntity['Mason'/989, l='ServerLevel[world]', x=-404.47, y=69.00, z=257.12] died, message: 'Mason was slain by Zombie'
[02Feb2025 00:30:56.584] [Server thread/INFO] [net.minecraft.server.dedicated.DedicatedServer/]: pablo_08954 has made the advancement [Fishy Business]
[02Feb2025 00:33:14.033] [Server thread/INFO] [net.minecraft.server.dedicated.DedicatedServer/]: Unknown or incomplete command, see below for error
[02Feb2025 00:33:14.033] [Server thread/INFO] [net.minecraft.server.dedicated.DedicatedServer/]: kk<--[HERE]
[02Feb2025 00:33:14.533] [Server thread/INFO] [net.minecraft.server.dedicated.DedicatedServer/]: Unknown or incomplete command, see below for error
[02Feb2025 00:33:14.541] [Server thread/INFO] [net.minecraft.server.dedicated.DedicatedServer/]: k<--[HERE]
[02Feb2025 00:33:15.133] [Server thread/INFO] [net.minecraft.server.dedicated.DedicatedServer/]: Unknown or incomplete command, see below for error
[02Feb2025 00:33:15.143] [Server thread/INFO] [net.minecraft.server.dedicated.DedicatedServer/]: k<--[HERE]
[02Feb2025 00:33:15.732] [Server thread/INFO] [net.minecraft.server.dedicated.DedicatedServer/]: Unknown or incomplete command, see below for error
[02Feb2025 00:33:15.733] [Server thread/INFO] [net.minecraft.server.dedicated.DedicatedServer/]: kk<--[HERE]
[02Feb2025 00:33:16.233] [Server thread/INFO] [net.minecraft.server.dedicated.DedicatedServer/]: Unknown or incomplete command, see below for error
[02Feb2025 00:33:16.248] [Server thread/INFO] [net.minecraft.server.dedicated.DedicatedServer/]: kkk<--[HERE]
[02Feb2025 00:33:17.732] [Server thread/INFO] [net.minecraft.server.dedicated.DedicatedServer/]: Unknown or incomplete command, see below for error
[02Feb2025 00:33:17.741] [Server thread/INFO] [net.minecraft.server.dedicated.DedicatedServer/]: kkk<--[HERE]
